#
# A fatal error has been detected by the Java Runtime Environment:
#
#  EXCEPTION_ACCESS_VIOLATION (0xc0000005) at pc=0xffffffffa36b5120, pid=34572, tid=35708
#
# JRE version: Java(TM) SE Runtime Environment (8.0_31-b13) (build 1.8.0_31-b13)
# Java VM: Java HotSpot(TM) 64-Bit Server VM (25.31-b07 mixed mode windows-amd64 compressed oops)
# Problematic frame:
# C  0xffffffffa36b5120
#
# Failed to write core dump. Minidumps are not enabled by default on client versions of Windows
#
# If you would like to submit a bug report, please visit:
#   http://bugreport.java.com/bugreport/crash.jsp
#

---------------  T H R E A D  ---------------

Current thread (0x00000000021ae000):  JavaThread "main" [_thread_in_Java, id=35708, stack(0x00000000021c0000,0x00000000022c0000)]

siginfo: ExceptionCode=0xc0000005, ExceptionInformation=0x0000000000000008 0xffffffffa36b5120

Registers:
RAX=0x0000000054abe8c8, RBX=0x0000000054abe8c8, RCX=0x00000000eae41160, RDX=0x00000000eae41160
RSP=0x00000000022be8c8, RBP=0x00000000022be920, RSI=0x00000000eade8e28, RDI=0x0000000000000012
R8 =0x00000000eaf1acc0, R9 =0x00000000eae410d0, R10=0x000000006fc962c0, R11=0x00000000028132c0
R12=0x0000000000000000, R13=0x00000000022be8d8, R14=0x00000000022be988, R15=0x00000000021ae000
RIP=0xffffffffa36b5120, EFLAGS=0x0000000000010202

Top of Stack: (sp=0x00000000022be8c8)
0x00000000022be8c8:   00000000026b7450 00000000026b7450
0x00000000022be8d8:   00000000eae41160 00000000022be8e0
0x00000000022be8e8:   0000000054b05048 00000000022be988
0x00000000022be8f8:   0000000054b05bf8 0000000000000000
0x00000000022be908:   0000000054b05130 00000000022be8d8
0x00000000022be918:   00000000022be960 00000000022be9d0
0x00000000022be928:   00000000026b7a01 0000000000000000
0x00000000022be938:   00000000eae41160 00000000eb308990
0x00000000022be948:   00000000eb3087b0 00000000eb308780
0x00000000022be958:   00000000eb3086f8 0000000000000001
0x00000000022be968:   0000000000000001 00000000eb300ff0
0x00000000022be978:   0000000000000031 00000000eb308a40
0x00000000022be988:   00000000eb3107c8 00000000022be990
0x00000000022be998:   0000000054b04e89 00000000022bea00
0x00000000022be9a8:   0000000054b05bf8 0000000000000000
0x00000000022be9b8:   0000000054b04ed0 00000000022be960 

Instructions: (pc=0xffffffffa36b5120)
0xffffffffa36b5100:   
[error occurred during error reporting (printing registers, top of stack, instructions near pc), id 0xc0000005]

Register to memory mapping:

RAX={method} {0x0000000054abe8d0} 'size' '()I' in 'com/android/dx/util/FixedSizeList'
RBX={method} {0x0000000054abe8d0} 'size' '()I' in 'com/android/dx/util/FixedSizeList'
RCX=0x00000000eae41160 is an oop
com.android.dx.cf.code.LocalVariableList 
 - klass: 'com/android/dx/cf/code/LocalVariableList'
RDX=0x00000000eae41160 is an oop
com.android.dx.cf.code.LocalVariableList 
 - klass: 'com/android/dx/cf/code/LocalVariableList'
RSP=0x00000000022be8c8 is pointing into the stack for thread: 0x00000000021ae000
RBP=0x00000000022be920 is pointing into the stack for thread: 0x00000000021ae000
RSI=0x00000000eade8e28 is an oop
[C 
 - klass: {type array char}
 - length: 18
RDI=0x0000000000000012 is an unknown value
R8 =0x00000000eaf1acc0 is an oop
java.lang.String 
 - klass: 'java/lang/String'
R9 =0x00000000eae410d0 is an oop
java.lang.Class 
 - klass: 'java/lang/Class'
R10=0x000000006fc962c0 is an unknown value
R11=0x00000000028132c0 is at entry_point+32 in (nmethod*)0x0000000002813150
R12=0x0000000000000000 is an unknown value
R13=0x00000000022be8d8 is pointing into the stack for thread: 0x00000000021ae000
R14=0x00000000022be988 is pointing into the stack for thread: 0x00000000021ae000
R15=0x00000000021ae000 is a thread


Stack: [0x00000000021c0000,0x00000000022c0000],  sp=0x00000000022be8c8,  free space=1018k
Native frames: (J=compiled Java code, j=interpreted, Vv=VM code, C=native code)
C  0xffffffffa36b5120


---------------  P R O C E S S  ---------------

Java Threads: ( => current thread )
  0x0000000056b7c000 JavaThread "Service Thread" daemon [_thread_blocked, id=35492, stack(0x0000000056fa0000,0x00000000570a0000)]
  0x0000000055068000 JavaThread "C1 CompilerThread2" daemon [_thread_blocked, id=35232, stack(0x0000000056a00000,0x0000000056b00000)]
  0x0000000055065800 JavaThread "C2 CompilerThread1" daemon [_thread_blocked, id=35772, stack(0x00000000561b0000,0x00000000562b0000)]
  0x000000005506f800 JavaThread "C2 CompilerThread0" daemon [_thread_blocked, id=35340, stack(0x0000000056860000,0x0000000056960000)]
  0x000000005506e000 JavaThread "Attach Listener" daemon [_thread_blocked, id=35644, stack(0x0000000056670000,0x0000000056770000)]
  0x000000005506c800 JavaThread "Signal Dispatcher" daemon [_thread_blocked, id=35476, stack(0x0000000056550000,0x0000000056650000)]
  0x0000000055004800 JavaThread "Finalizer" daemon [_thread_blocked, id=35764, stack(0x00000000563f0000,0x00000000564f0000)]
  0x0000000054ffb800 JavaThread "Reference Handler" daemon [_thread_blocked, id=35760, stack(0x00000000562b0000,0x00000000563b0000)]
=>0x00000000021ae000 JavaThread "main" [_thread_in_Java, id=35708, stack(0x00000000021c0000,0x00000000022c0000)]

Other Threads:
  0x0000000054ff8000 VMThread [stack: 0x0000000056020000,0x0000000056120000] [id=35704]
  0x0000000056b81000 WatcherThread [stack: 0x00000000570f0000,0x00000000571f0000] [id=35792]

VM state:not at safepoint (normal execution)

VM Mutex/Monitor currently owned by a thread: None

Heap:
 PSYoungGen      total 28672K, used 8397K [0x00000000eab00000, 0x00000000ecb00000, 0x0000000100000000)
  eden space 24576K, 34% used [0x00000000eab00000,0x00000000eb333400,0x00000000ec300000)
  from space 4096K, 0% used [0x00000000ec700000,0x00000000ec700000,0x00000000ecb00000)
  to   space 4096K, 0% used [0x00000000ec300000,0x00000000ec300000,0x00000000ec700000)
 ParOldGen       total 65536K, used 0K [0x00000000c0000000, 0x00000000c4000000, 0x00000000eab00000)
  object space 65536K, 0% used [0x00000000c0000000,0x00000000c0000000,0x00000000c4000000)
 Metaspace       used 4886K, capacity 6320K, committed 6528K, reserved 1056768K
  class space    used 538K, capacity 616K, committed 640K, reserved 1048576K

Card table byte_map: [0x0000000011a70000,0x0000000011c80000] byte_map_base: 0x0000000011470000

Marking Bits: (ParMarkBitMap*) 0x000000006fcad4f0
 Begin Bits: [0x0000000012470000, 0x0000000013470000)
 End Bits:   [0x0000000013470000, 0x0000000014470000)

Polling page: 0x0000000000440000

CodeCache: size=245760Kb used=1631Kb max_used=1642Kb free=244128Kb
 bounds [0x00000000026b0000, 0x0000000002920000, 0x00000000116b0000]
 total_blobs=567 nmethods=309 adapters=173
 compilation: enabled

Compilation events (10 events):
Event: 0.375 Thread 0x0000000055068000 nmethod 298 0x0000000002845a90 code [0x0000000002845ca0, 0x0000000002846738]
Event: 0.375 Thread 0x0000000055068000  299       3       java.util.TreeMap::leftOf (13 bytes)
Event: 0.375 Thread 0x0000000055068000 nmethod 299 0x0000000002845710 code [0x0000000002845860, 0x00000000028459f0]
Event: 0.375 Thread 0x0000000055068000  300       3       java.util.TreeMap::setColor (10 bytes)
Event: 0.375 Thread 0x0000000055068000 nmethod 300 0x0000000002845390 code [0x00000000028454e0, 0x0000000002845650]
Event: 0.375 Thread 0x0000000055068000  297       1       com.android.dx.cf.iface.StdMember::getAttributes (5 bytes)
Event: 0.375 Thread 0x0000000055068000 nmethod 297 0x00000000028450d0 code [0x0000000002845220, 0x0000000002845330]
Event: 0.375 Thread 0x0000000055068000  309       1       com.android.dx.util.FixedSizeList::size (6 bytes)
Event: 0.375 Thread 0x0000000055068000 nmethod 309 0x0000000002844dd0 code [0x0000000002844f20, 0x0000000002845030]
Event: 0.375 Thread 0x0000000055068000  277       3       com.android.dx.rop.cst.TypedConstant::<init> (5 bytes)

GC Heap History (0 events):
No events

Deoptimization events (0 events):
No events

Internal exceptions (10 events):
Event: 0.348 Thread 0x00000000021ae000 Exception <a 'java/security/PrivilegedActionException'> (0x00000000eb2ba138) thrown at [C:\workspace\8-2-build-windows-amd64-cygwin\jdk8u31\2394\hotspot\src\share\vm\prims\jvm.cpp, line 1312]
Event: 0.355 Thread 0x00000000021ae000 Exception <a 'java/security/PrivilegedActionException'> (0x00000000eb2bf9b0) thrown at [C:\workspace\8-2-build-windows-amd64-cygwin\jdk8u31\2394\hotspot\src\share\vm\prims\jvm.cpp, line 1312]
Event: 0.355 Thread 0x00000000021ae000 Exception <a 'java/security/PrivilegedActionException'> (0x00000000eb2c34e8) thrown at [C:\workspace\8-2-build-windows-amd64-cygwin\jdk8u31\2394\hotspot\src\share\vm\prims\jvm.cpp, line 1312]
Event: 0.359 Thread 0x00000000021ae000 Exception <a 'java/security/PrivilegedActionException'> (0x00000000eb2d0030) thrown at [C:\workspace\8-2-build-windows-amd64-cygwin\jdk8u31\2394\hotspot\src\share\vm\prims\jvm.cpp, line 1312]
Event: 0.359 Thread 0x00000000021ae000 Exception <a 'java/security/PrivilegedActionException'> (0x00000000eb2d6fb0) thrown at [C:\workspace\8-2-build-windows-amd64-cygwin\jdk8u31\2394\hotspot\src\share\vm\prims\jvm.cpp, line 1312]
Event: 0.360 Thread 0x00000000021ae000 Exception <a 'java/security/PrivilegedActionException'> (0x00000000eb2db9f0) thrown at [C:\workspace\8-2-build-windows-amd64-cygwin\jdk8u31\2394\hotspot\src\share\vm\prims\jvm.cpp, line 1312]
Event: 0.361 Thread 0x00000000021ae000 Exception <a 'java/security/PrivilegedActionException'> (0x00000000eb2e15b0) thrown at [C:\workspace\8-2-build-windows-amd64-cygwin\jdk8u31\2394\hotspot\src\share\vm\prims\jvm.cpp, line 1312]
Event: 0.363 Thread 0x00000000021ae000 Exception <a 'java/security/PrivilegedActionException'> (0x00000000eb2ea428) thrown at [C:\workspace\8-2-build-windows-amd64-cygwin\jdk8u31\2394\hotspot\src\share\vm\prims\jvm.cpp, line 1312]
Event: 0.364 Thread 0x00000000021ae000 Exception <a 'java/security/PrivilegedActionException'> (0x00000000eb2efb28) thrown at [C:\workspace\8-2-build-windows-amd64-cygwin\jdk8u31\2394\hotspot\src\share\vm\prims\jvm.cpp, line 1312]
Event: 0.364 Thread 0x00000000021ae000 Exception <a 'java/security/PrivilegedActionException'> (0x00000000eb2f2cb8) thrown at [C:\workspace\8-2-build-windows-amd64-cygwin\jdk8u31\2394\hotspot\src\share\vm\prims\jvm.cpp, line 1312]

Events (10 events):
Event: 0.360 loading class com/android/dx/dex/file/CodeItem
Event: 0.360 loading class com/android/dx/dex/file/CodeItem done
Event: 0.362 loading class java/io/PrintWriter
Event: 0.363 loading class java/io/PrintWriter done
Event: 0.363 loading class com/android/dx/dex/file/DebugInfoItem
Event: 0.363 loading class com/android/dx/dex/file/DebugInfoItem done
Event: 0.364 loading class com/android/dx/rop/annotation/AnnotationsList
Event: 0.364 loading class com/android/dx/rop/annotation/AnnotationsList done
Event: 0.364 loading class com/android/dx/dex/file/MethodIdItem
Event: 0.364 loading class com/android/dx/dex/file/MethodIdItem done


Dynamic libraries:
0x000000013fcc0000 - 0x000000013fcf4000 	C:\Program Files\Java\jdk1.8.0_31\bin\java.exe
0x0000000076d30000 - 0x0000000076ed9000 	C:\Windows\SYSTEM32\ntdll.dll
0x0000000076b10000 - 0x0000000076c2f000 	C:\Windows\system32\kernel32.dll
0x000007fefcc90000 - 0x000007fefccfc000 	C:\Windows\system32\KERNELBASE.dll
0x000007fefdec0000 - 0x000007fefdf9b000 	C:\Windows\system32\ADVAPI32.dll
0x000007fefd860000 - 0x000007fefd8ff000 	C:\Windows\system32\msvcrt.dll
0x000007fefcf50000 - 0x000007fefcf6f000 	C:\Windows\SYSTEM32\sechost.dll
0x000007fefd180000 - 0x000007fefd2ad000 	C:\Windows\system32\RPCRT4.dll
0x0000000076c30000 - 0x0000000076d2a000 	C:\Windows\system32\USER32.dll
0x000007fefde50000 - 0x000007fefdeb7000 	C:\Windows\system32\GDI32.dll
0x000007fefdb50000 - 0x000007fefdb5e000 	C:\Windows\system32\LPK.dll
0x000007fefd4c0000 - 0x000007fefd589000 	C:\Windows\system32\USP10.dll
0x000007fefafe0000 - 0x000007fefb1d4000 	C:\Windows\WinSxS\amd64_microsoft.windows.common-controls_6595b64144ccf1df_6.0.7601.17514_none_fa396087175ac9ac\COMCTL32.dll
0x000007fefe230000 - 0x000007fefe2a1000 	C:\Windows\system32\SHLWAPI.dll
0x000007fefcf70000 - 0x000007fefcf9e000 	C:\Windows\system32\IMM32.DLL
0x000007fefd330000 - 0x000007fefd439000 	C:\Windows\system32\MSCTF.dll
0x00000000788f0000 - 0x00000000789c2000 	C:\Program Files\Java\jdk1.8.0_31\jre\bin\msvcr100.dll
0x000000006f4d0000 - 0x000000006fd2a000 	C:\Program Files\Java\jdk1.8.0_31\jre\bin\server\jvm.dll
0x000007fef42b0000 - 0x000007fef42b9000 	C:\Windows\system32\WSOCK32.dll
0x000007fefd2b0000 - 0x000007fefd2fd000 	C:\Windows\system32\WS2_32.dll
0x000007fefd300000 - 0x000007fefd308000 	C:\Windows\system32\NSI.dll
0x000007fef8000000 - 0x000007fef803b000 	C:\Windows\system32\WINMM.dll
0x0000000076ef0000 - 0x0000000076ef7000 	C:\Windows\system32\PSAPI.DLL
0x00000000688f0000 - 0x00000000688ff000 	C:\Program Files\Java\jdk1.8.0_31\jre\bin\verify.dll
0x0000000067ab0000 - 0x0000000067ad8000 	C:\Program Files\Java\jdk1.8.0_31\jre\bin\java.dll
0x00000000688d0000 - 0x00000000688e6000 	C:\Program Files\Java\jdk1.8.0_31\jre\bin\zip.dll
0x000007fefe2b0000 - 0x000007feff038000 	C:\Windows\system32\SHELL32.dll
0x000007fefdb60000 - 0x000007fefdd63000 	C:\Windows\system32\ole32.dll
0x000007fefcaf0000 - 0x000007fefcaff000 	C:\Windows\system32\profapi.dll
0x000007fefb890000 - 0x000007fefb9b5000 	C:\Windows\system32\dbghelp.dll

VM Arguments:
jvm_args: -Xmx1024M -Dfile.encoding=windows-1252 -Duser.country=ES -Duser.language=es -Duser.variant 
java_command: com.android.dx.command.Main --dex --output D:\2code2\AndroidStudioProjects\TaskIt\app\build\intermediates\dex\debug D:\2code2\AndroidStudioProjects\TaskIt\app\build\intermediates\classes\debug D:\2code2\AndroidStudioProjects\TaskIt\app\build\intermediates\pre-dexed\debug\support-annotations-21.0.3-ffaa133fa17b1f9d40a15f14ad0bbdbda99a80c3.jar D:\2code2\AndroidStudioProjects\TaskIt\app\build\intermediates\pre-dexed\debug\internal_impl-21.0.3-8eb3fe5d1a5408eff9a59586a799658cf2ebf711.jar D:\2code2\AndroidStudioProjects\TaskIt\app\build\intermediates\pre-dexed\debug\classes-0f5cb0ffd4c7c561931b9a6ed99cd34364b8f057.jar D:\2code2\AndroidStudioProjects\TaskIt\app\build\intermediates\pre-dexed\debug\classes-654e6e37ce986f446492a30613550ee53a06b648.jar
java_class_path (initial): C:\Users\Dr4ckO\AppData\Local\Android\sdk\build-tools\21.1.2\lib\dx.jar
Launcher Type: SUN_STANDARD

Environment Variables:
JAVA_HOME=C:\Program Files\Java\jdk1.8.0_31
PATH=C:\ProgramData\Oracle\Java\javapath;C:\Program Files (x86)\NVIDIA Corporation\PhysX\Common;C:\Program Files\Common Files\Microsoft Shared\Windows Live;C:\Program Files (x86)\Common Files\Microsoft Shared\Windows Live;C:\Program Files (x86)\Common Files\Intel\Shared Files\cpp\bin\Intel64;C:\Windows\system32;C:\Windows;C:\Windows\System32\Wbem;C:\Windows\System32\WindowsPowerShell\v1.0\;C:\Program Files (x86)\IsoBuster;C:\Program Files (x86)\Windows Live\Shared;C:\Program Files (x86)\MKV ToolNix;C:\Android\android-sdk\platform-tools;C:\Program Files\NodeJS\;C:\Program Files (x86)\QuickTime\QTSystem\;C:\Users\Dr4ckO\AppData\Roaming\npm
USERNAME=Dr4ckO
OS=Windows_NT
PROCESSOR_IDENTIFIER=Intel64 Family 6 Model 15 Stepping 11, GenuineIntel



---------------  S Y S T E M  ---------------

OS: Windows 7 , 64 bit Build 7601 Service Pack 1

CPU:total 4 (4 cores per cpu, 1 threads per core) family 6 model 15 stepping 11, cmov, cx8, fxsr, mmx, sse, sse2, sse3, ssse3, tsc

Memory: 4k page, physical 6291000k(523628k free), swap 12580136k(4440904k free)

vm_info: Java HotSpot(TM) 64-Bit Server VM (25.31-b07) for windows-amd64 JRE (1.8.0_31-b13), built on Dec 17 2014 21:00:28 by "java_re" with MS VC++ 10.0 (VS2010)

time: Fri Mar 06 20:03:42 2015
elapsed time: 0 seconds (0d 0h 0m 0s)

