#
# A fatal error has been detected by the Java Runtime Environment:
#
#  EXCEPTION_ACCESS_VIOLATION (0xc0000005) at pc=0xffffffffa36f5120, pid=28492, tid=27472
#
# JRE version: Java(TM) SE Runtime Environment (8.0_31-b13) (build 1.8.0_31-b13)
# Java VM: Java HotSpot(TM) 64-Bit Server VM (25.31-b07 mixed mode windows-amd64 compressed oops)
# Problematic frame:
# C  0xffffffffa36f5120
#
# Failed to write core dump. Minidumps are not enabled by default on client versions of Windows
#
# If you would like to submit a bug report, please visit:
#   http://bugreport.java.com/bugreport/crash.jsp
#

---------------  T H R E A D  ---------------

Current thread (0x000000000219e000):  JavaThread "main" [_thread_in_Java, id=27472, stack(0x0000000002320000,0x0000000002420000)]

siginfo: ExceptionCode=0xc0000005, ExceptionInformation=0x0000000000000008 0xffffffffa36f5120

Registers:
RAX=0x0000000054875340, RBX=0x0000000054875340, RCX=0x0000000054888b38, RDX=0x0000000000000049
RSP=0x000000000241ef38, RBP=0x000000000241eff0, RSI=0x0000000000000049, RDI=0x000000000000cb50
R8 =0x00000000ebd78650, R9 =0x00000000eab36c78, R10=0x00000000709b62c0, R11=0x0000000002822500
R12=0x0000000000000000, R13=0x000000000241efa0, R14=0x000000000241f070, R15=0x000000000219e000
RIP=0xffffffffa36f5120, EFLAGS=0x0000000000010206

Top of Stack: (sp=0x000000000241ef38)
0x000000000241ef38:   00000000028225a4 000000000219ee90
0x000000000241ef48:   000000000219ee90 000000000219ee90
0x000000000241ef58:   000000007039579c 000000000219e000
0x000000000241ef68:   0000000000000049 000000000241f000
0x000000000241ef78:   000000000241f0d0 000000000241eff0
0x000000000241ef88:   00000000026f72b0 000000000219e1e8
0x000000000241ef98:   00000000026f72b0 0000000000000049
0x000000000241efa8:   0000000000000049 000000000241efb0
0x000000000241efb8:   00000000547f66f2 000000000241f070
0x000000000241efc8:   0000000054888b38 0000000054aef210
0x000000000241efd8:   00000000547f6898 000000000241efa0
0x000000000241efe8:   000000000241f068 000000000241f0c0
0x000000000241eff8:   00000000026f7790 0000000000000000
0x000000000241f008:   0000000000000000 0000000000000000
0x000000000241f018:   0000000000000000 0000000000000000
0x000000000241f028:   0000000000000000 0000000000000000 

Instructions: (pc=0xffffffffa36f5120)
0xffffffffa36f5100:   
[error occurred during error reporting (printing registers, top of stack, instructions near pc), id 0xc0000005]

Register to memory mapping:

RAX={method} {0x0000000054875348} 'toLowerCase' '(C)C' in 'java/lang/Character'
RBX={method} {0x0000000054875348} 'toLowerCase' '(C)C' in 'java/lang/Character'
RCX=0x0000000054888b38 is pointing into metadata
RDX=0x0000000000000049 is an unknown value
RSP=0x000000000241ef38 is pointing into the stack for thread: 0x000000000219e000
RBP=0x000000000241eff0 is pointing into the stack for thread: 0x000000000219e000
RSI=0x0000000000000049 is an unknown value
RDI=0x000000000000cb50 is an unknown value
R8 =0x00000000ebd78650 is an oop
java.lang.String 
 - klass: 'java/lang/String'
R9 =0x00000000eab36c78 is an oop
java.lang.Class 
 - klass: 'java/lang/Class'
R10=0x00000000709b62c0 is an unknown value
R11=0x0000000002822500 is at entry_point+0 in (nmethod*)0x0000000002822390
R12=0x0000000000000000 is an unknown value
R13=0x000000000241efa0 is pointing into the stack for thread: 0x000000000219e000
R14=0x000000000241f070 is pointing into the stack for thread: 0x000000000219e000
R15=0x000000000219e000 is a thread


Stack: [0x0000000002320000,0x0000000002420000],  sp=0x000000000241ef38,  free space=1019k
Native frames: (J=compiled Java code, j=interpreted, Vv=VM code, C=native code)
C  0xffffffffa36f5120


---------------  P R O C E S S  ---------------

Java Threads: ( => current thread )
  0x0000000056a6f800 JavaThread "Service Thread" daemon [_thread_blocked, id=28572, stack(0x0000000057190000,0x0000000057290000)]
  0x00000000551e7800 JavaThread "C1 CompilerThread2" daemon [_thread_blocked, id=27828, stack(0x0000000056f30000,0x0000000057030000)]
  0x00000000551e6800 JavaThread "C2 CompilerThread1" daemon [_thread_blocked, id=23460, stack(0x00000000567e0000,0x00000000568e0000)]
  0x00000000551ef800 JavaThread "C2 CompilerThread0" daemon [_thread_blocked, id=28164, stack(0x00000000568e0000,0x00000000569e0000)]
  0x00000000551ee000 JavaThread "Attach Listener" daemon [_thread_blocked, id=27480, stack(0x0000000056050000,0x0000000056150000)]
  0x00000000551ec800 JavaThread "Signal Dispatcher" daemon [_thread_blocked, id=16236, stack(0x0000000056670000,0x0000000056770000)]
  0x000000005517f000 JavaThread "Finalizer" daemon [_thread_blocked, id=28560, stack(0x0000000056530000,0x0000000056630000)]
  0x000000005517b800 JavaThread "Reference Handler" daemon [_thread_blocked, id=27644, stack(0x0000000056350000,0x0000000056450000)]
=>0x000000000219e000 JavaThread "main" [_thread_in_Java, id=27472, stack(0x0000000002320000,0x0000000002420000)]

Other Threads:
  0x0000000055178000 VMThread [stack: 0x0000000056160000,0x0000000056260000] [id=26252]
  0x0000000056a71000 WatcherThread [stack: 0x0000000057070000,0x0000000057170000] [id=21560]

VM state:not at safepoint (normal execution)

VM Mutex/Monitor currently owned by a thread: None

Heap:
 PSYoungGen      total 28672K, used 19386K [0x00000000eab00000, 0x00000000ecb00000, 0x0000000100000000)
  eden space 24576K, 78% used [0x00000000eab00000,0x00000000ebdee900,0x00000000ec300000)
  from space 4096K, 0% used [0x00000000ec700000,0x00000000ec700000,0x00000000ecb00000)
  to   space 4096K, 0% used [0x00000000ec300000,0x00000000ec300000,0x00000000ec700000)
 ParOldGen       total 65536K, used 0K [0x00000000c0000000, 0x00000000c4000000, 0x00000000eab00000)
  object space 65536K, 0% used [0x00000000c0000000,0x00000000c0000000,0x00000000c4000000)
 Metaspace       used 5672K, capacity 6768K, committed 7040K, reserved 1056768K
  class space    used 589K, capacity 616K, committed 640K, reserved 1048576K

Card table byte_map: [0x0000000011ab0000,0x0000000011cc0000] byte_map_base: 0x00000000114b0000

Marking Bits: (ParMarkBitMap*) 0x00000000709cd4f0
 Begin Bits: [0x00000000125f0000, 0x00000000135f0000)
 End Bits:   [0x00000000135f0000, 0x00000000145f0000)

Polling page: 0x0000000000250000

CodeCache: size=245760Kb used=3213Kb max_used=3225Kb free=242546Kb
 bounds [0x00000000026f0000, 0x0000000002a20000, 0x00000000116f0000]
 total_blobs=1166 nmethods=900 adapters=181
 compilation: enabled

Compilation events (10 events):
Event: 1.622 Thread 0x00000000551e7800 nmethod 889 0x0000000002a0e1d0 code [0x0000000002a0e340, 0x0000000002a0e548]
Event: 1.622 Thread 0x00000000551e7800  890       3       sun.misc.FDBigInteger::trimLeadingZeros (57 bytes)
Event: 1.622 Thread 0x00000000551e7800 nmethod 890 0x0000000002a0e650 code [0x0000000002a0e7c0, 0x0000000002a0eaf0]
Event: 1.623 Thread 0x00000000551e7800  891       3       java.util.ArrayList::indexOf (67 bytes)
Event: 1.624 Thread 0x00000000551e7800 nmethod 891 0x0000000002a0ec10 code [0x0000000002a0eda0, 0x0000000002a0f268]
Event: 1.628 Thread 0x00000000551e6800 nmethod 872 0x0000000002a12c50 code [0x0000000002a12e20, 0x0000000002a13970]
Event: 1.637 Thread 0x00000000551e7800  892       3       java.lang.String::toLowerCase (439 bytes)
Event: 1.638 Thread 0x00000000551e6800  893       4       java.lang.CharacterData::of (120 bytes)
Event: 1.640 Thread 0x00000000551e6800 nmethod 893 0x0000000002a11890 code [0x0000000002a11aa0, 0x0000000002a11b58]
Event: 1.640 Thread 0x00000000551e6800  901       4       java.lang.String::indexOf (166 bytes)

GC Heap History (0 events):
No events

Deoptimization events (5 events):
Event: 1.501 Thread 0x000000000219e000 Uncommon trap: reason=bimorphic action=maybe_recompile pc=0x0000000002977f14 method=java.util.HashMap.getNode(ILjava/lang/Object;)Ljava/util/HashMap$Node; @ 126
Event: 1.502 Thread 0x000000000219e000 Uncommon trap: reason=bimorphic action=maybe_recompile pc=0x0000000002977f14 method=java.util.HashMap.getNode(ILjava/lang/Object;)Ljava/util/HashMap$Node; @ 126
Event: 1.502 Thread 0x000000000219e000 Uncommon trap: reason=bimorphic action=maybe_recompile pc=0x0000000002977f14 method=java.util.HashMap.getNode(ILjava/lang/Object;)Ljava/util/HashMap$Node; @ 126
Event: 1.502 Thread 0x000000000219e000 Uncommon trap: reason=bimorphic action=maybe_recompile pc=0x0000000002977f14 method=java.util.HashMap.getNode(ILjava/lang/Object;)Ljava/util/HashMap$Node; @ 126
Event: 1.509 Thread 0x000000000219e000 Uncommon trap: reason=bimorphic action=maybe_recompile pc=0x0000000002914738 method=java.util.HashMap.getNode(ILjava/lang/Object;)Ljava/util/HashMap$Node; @ 126

Internal exceptions (10 events):
Event: 1.542 Thread 0x000000000219e000 Exception <a 'java/security/PrivilegedActionException'> (0x00000000ebcd0fd0) thrown at [C:\workspace\8-2-build-windows-amd64-cygwin\jdk8u31\2394\hotspot\src\share\vm\prims\jvm.cpp, line 1312]
Event: 1.558 Thread 0x000000000219e000 Exception <a 'java/security/PrivilegedActionException'> (0x00000000ebce2970) thrown at [C:\workspace\8-2-build-windows-amd64-cygwin\jdk8u31\2394\hotspot\src\share\vm\prims\jvm.cpp, line 1312]
Event: 1.562 Thread 0x000000000219e000 Exception <a 'java/security/PrivilegedActionException'> (0x00000000ebcee320) thrown at [C:\workspace\8-2-build-windows-amd64-cygwin\jdk8u31\2394\hotspot\src\share\vm\prims\jvm.cpp, line 1312]
Event: 1.563 Thread 0x000000000219e000 Exception <a 'java/security/PrivilegedActionException'> (0x00000000ebcf75a0) thrown at [C:\workspace\8-2-build-windows-amd64-cygwin\jdk8u31\2394\hotspot\src\share\vm\prims\jvm.cpp, line 1312]
Event: 1.564 Thread 0x000000000219e000 Exception <a 'java/security/PrivilegedActionException'> (0x00000000ebcfa440) thrown at [C:\workspace\8-2-build-windows-amd64-cygwin\jdk8u31\2394\hotspot\src\share\vm\prims\jvm.cpp, line 1312]
Event: 1.567 Thread 0x000000000219e000 Exception <a 'java/security/PrivilegedActionException'> (0x00000000ebd0c340) thrown at [C:\workspace\8-2-build-windows-amd64-cygwin\jdk8u31\2394\hotspot\src\share\vm\prims\jvm.cpp, line 1312]
Event: 1.580 Thread 0x000000000219e000 Exception <a 'java/security/PrivilegedActionException'> (0x00000000ebd26280) thrown at [C:\workspace\8-2-build-windows-amd64-cygwin\jdk8u31\2394\hotspot\src\share\vm\prims\jvm.cpp, line 1312]
Event: 1.582 Thread 0x000000000219e000 Exception <a 'java/security/PrivilegedActionException'> (0x00000000ebd2b910) thrown at [C:\workspace\8-2-build-windows-amd64-cygwin\jdk8u31\2394\hotspot\src\share\vm\prims\jvm.cpp, line 1312]
Event: 1.584 Thread 0x000000000219e000 Exception <a 'java/security/PrivilegedActionException'> (0x00000000ebd41df0) thrown at [C:\workspace\8-2-build-windows-amd64-cygwin\jdk8u31\2394\hotspot\src\share\vm\prims\jvm.cpp, line 1312]
Event: 1.605 Thread 0x000000000219e000 Exception <a 'java/security/PrivilegedActionException'> (0x00000000ebd44ba8) thrown at [C:\workspace\8-2-build-windows-amd64-cygwin\jdk8u31\2394\hotspot\src\share\vm\prims\jvm.cpp, line 1312]

Events (10 events):
Event: 1.633 loading class java/util/LinkedHashMap$LinkedEntrySet
Event: 1.634 loading class java/util/LinkedHashMap$LinkedEntrySet done
Event: 1.634 loading class java/util/LinkedHashMap$LinkedEntryIterator
Event: 1.634 loading class java/util/LinkedHashMap$LinkedHashIterator
Event: 1.634 loading class java/util/LinkedHashMap$LinkedHashIterator done
Event: 1.634 loading class java/util/LinkedHashMap$LinkedEntryIterator done
Event: 1.634 loading class java/security/Provider$Service
Event: 1.635 loading class java/security/Provider$Service done
Event: 1.636 loading class java/security/Provider$UString
Event: 1.636 loading class java/security/Provider$UString done


Dynamic libraries:
0x000000013fc80000 - 0x000000013fcb4000 	C:\Program Files\Java\jdk1.8.0_31\bin\java.exe
0x0000000076d50000 - 0x0000000076ef9000 	C:\Windows\SYSTEM32\ntdll.dll
0x0000000076b30000 - 0x0000000076c4f000 	C:\Windows\system32\kernel32.dll
0x000007fefcc50000 - 0x000007fefccbc000 	C:\Windows\system32\KERNELBASE.dll
0x000007fefef80000 - 0x000007feff05b000 	C:\Windows\system32\ADVAPI32.dll
0x000007fefd960000 - 0x000007fefd9ff000 	C:\Windows\system32\msvcrt.dll
0x000007fefd1d0000 - 0x000007fefd1ef000 	C:\Windows\SYSTEM32\sechost.dll
0x000007fefded0000 - 0x000007fefdffd000 	C:\Windows\system32\RPCRT4.dll
0x0000000076c50000 - 0x0000000076d4a000 	C:\Windows\system32\USER32.dll
0x000007fefda00000 - 0x000007fefda67000 	C:\Windows\system32\GDI32.dll
0x000007fefd400000 - 0x000007fefd40e000 	C:\Windows\system32\LPK.dll
0x000007fefde00000 - 0x000007fefdec9000 	C:\Windows\system32\USP10.dll
0x000007fefb000000 - 0x000007fefb1f4000 	C:\Windows\WinSxS\amd64_microsoft.windows.common-controls_6595b64144ccf1df_6.0.7601.17514_none_fa396087175ac9ac\COMCTL32.dll
0x000007fefdaa0000 - 0x000007fefdb11000 	C:\Windows\system32\SHLWAPI.dll
0x000007fefda70000 - 0x000007fefda9e000 	C:\Windows\system32\IMM32.DLL
0x000007fefd4d0000 - 0x000007fefd5d9000 	C:\Windows\system32\MSCTF.dll
0x0000000078a10000 - 0x0000000078ae2000 	C:\Program Files\Java\jdk1.8.0_31\jre\bin\msvcr100.dll
0x00000000701f0000 - 0x0000000070a4a000 	C:\Program Files\Java\jdk1.8.0_31\jre\bin\server\jvm.dll
0x000007fef5550000 - 0x000007fef5559000 	C:\Windows\system32\WSOCK32.dll
0x000007fefd830000 - 0x000007fefd87d000 	C:\Windows\system32\WS2_32.dll
0x000007fefdb20000 - 0x000007fefdb28000 	C:\Windows\system32\NSI.dll
0x000007fefa6d0000 - 0x000007fefa70b000 	C:\Windows\system32\WINMM.dll
0x0000000076f20000 - 0x0000000076f27000 	C:\Windows\system32\PSAPI.DLL
0x0000000000240000 - 0x000000000024f000 	C:\Program Files\Java\jdk1.8.0_31\jre\bin\verify.dll
0x000000006d500000 - 0x000000006d528000 	C:\Program Files\Java\jdk1.8.0_31\jre\bin\java.dll
0x0000000070170000 - 0x0000000070186000 	C:\Program Files\Java\jdk1.8.0_31\jre\bin\zip.dll
0x000007fefe000000 - 0x000007fefed88000 	C:\Windows\system32\SHELL32.dll
0x000007fefd1f0000 - 0x000007fefd3f3000 	C:\Windows\system32\ole32.dll
0x000007fefcb20000 - 0x000007fefcb2f000 	C:\Windows\system32\profapi.dll
0x000007fefb8b0000 - 0x000007fefb9d5000 	C:\Windows\system32\dbghelp.dll

VM Arguments:
jvm_args: -Xmx1024M -Dfile.encoding=windows-1252 -Duser.country=ES -Duser.language=es -Duser.variant 
java_command: com.android.dx.command.Main --dex --output D:\2code2\AndroidStudioProjects\TaskIt\app\build\intermediates\dex\debug D:\2code2\AndroidStudioProjects\TaskIt\app\build\intermediates\classes\debug D:\2code2\AndroidStudioProjects\TaskIt\app\build\intermediates\pre-dexed\debug\support-annotations-21.0.3-ffaa133fa17b1f9d40a15f14ad0bbdbda99a80c3.jar D:\2code2\AndroidStudioProjects\TaskIt\app\build\intermediates\pre-dexed\debug\internal_impl-21.0.3-8eb3fe5d1a5408eff9a59586a799658cf2ebf711.jar D:\2code2\AndroidStudioProjects\TaskIt\app\build\intermediates\pre-dexed\debug\classes-0f5cb0ffd4c7c561931b9a6ed99cd34364b8f057.jar D:\2code2\AndroidStudioProjects\TaskIt\app\build\intermediates\pre-dexed\debug\classes-654e6e37ce986f446492a30613550ee53a06b648.jar
java_class_path (initial): C:\Users\Dr4ckO\AppData\Local\Android\sdk\build-tools\21.1.2\lib\dx.jar
Launcher Type: SUN_STANDARD

Environment Variables:
JAVA_HOME=C:\Program Files\Java\jdk1.8.0_31
PATH=C:\ProgramData\Oracle\Java\javapath;C:\Program Files (x86)\NVIDIA Corporation\PhysX\Common;C:\Program Files\Common Files\Microsoft Shared\Windows Live;C:\Program Files (x86)\Common Files\Microsoft Shared\Windows Live;C:\Program Files (x86)\Common Files\Intel\Shared Files\cpp\bin\Intel64;C:\Windows\system32;C:\Windows;C:\Windows\System32\Wbem;C:\Windows\System32\WindowsPowerShell\v1.0\;C:\Program Files (x86)\IsoBuster;C:\Program Files (x86)\Windows Live\Shared;C:\Program Files (x86)\MKV ToolNix;C:\Android\android-sdk\platform-tools;C:\Program Files\NodeJS\;C:\Program Files (x86)\QuickTime\QTSystem\;C:\Users\Dr4ckO\AppData\Roaming\npm
USERNAME=Dr4ckO
OS=Windows_NT
PROCESSOR_IDENTIFIER=Intel64 Family 6 Model 15 Stepping 11, GenuineIntel



---------------  S Y S T E M  ---------------

OS: Windows 7 , 64 bit Build 7601 Service Pack 1

CPU:total 4 (4 cores per cpu, 1 threads per core) family 6 model 15 stepping 11, cmov, cx8, fxsr, mmx, sse, sse2, sse3, ssse3, tsc

Memory: 4k page, physical 6291000k(864824k free), swap 12580136k(4037512k free)

vm_info: Java HotSpot(TM) 64-Bit Server VM (25.31-b07) for windows-amd64 JRE (1.8.0_31-b13), built on Dec 17 2014 21:00:28 by "java_re" with MS VC++ 10.0 (VS2010)

time: Tue Mar 03 19:23:50 2015
elapsed time: 1 seconds (0d 0h 0m 1s)

