#
# A fatal error has been detected by the Java Runtime Environment:
#
#  EXCEPTION_ACCESS_VIOLATION (0xc0000005) at pc=0xffffffffa36b5120, pid=26884, tid=27092
#
# JRE version: Java(TM) SE Runtime Environment (8.0_31-b13) (build 1.8.0_31-b13)
# Java VM: Java HotSpot(TM) 64-Bit Server VM (25.31-b07 mixed mode windows-amd64 compressed oops)
# Problematic frame:
# C  0xffffffffa36b5120
#
# Failed to write core dump. Minidumps are not enabled by default on client versions of Windows
#
# If you would like to submit a bug report, please visit:
#   http://bugreport.java.com/bugreport/crash.jsp
#

---------------  T H R E A D  ---------------

Current thread (0x000000000047e000):  JavaThread "main" [_thread_in_Java, id=27092, stack(0x00000000022e0000,0x00000000023e0000)]

siginfo: ExceptionCode=0xc0000005, ExceptionInformation=0x0000000000000008 0xffffffffa36b5120

Registers:
RAX=0x000000000000186c, RBX=0x0000000000000148, RCX=0x00000000eb9b1178, RDX=0x00000000eb9a6cf8
RSP=0x00000000023dee48, RBP=0x00000000023def40, RSI=0x00000000eb9a6cf8, RDI=0x0000000054a3b908
R8 =0x00000000eb9b9128, R9 =0x00000000eb9b7690, R10=0x00000000709b6270, R11=0x00000000029702a0
R12=0x0000000000000000, R13=0x00000000023deef8, R14=0x00000000023def68, R15=0x000000000047e000
RIP=0xffffffffa36b5120, EFLAGS=0x0000000000010206

Top of Stack: (sp=0x00000000023dee48)
0x00000000023dee48:   0000000002963fb4 0000000054d38fb8
0x00000000023dee58:   0000000054b88b18 0000000000000000
0x00000000023dee68:   00000000023dee88 00000000023deed8
0x00000000023dee78:   00000000eb9b1178 00000000eb9a6cf8
0x00000000023dee88:   00000000eb9b9128 00000000ead33700
0x00000000023dee98:   00000000023dee98 00000000023def40
0x00000000023deea8:   0000000002970374 0000000054c00170
0x00000000023deeb8:   0000000000000000 0000000054bff3e0
0x00000000023deec8:   0000000000000000 00000000023deef0
0x00000000023deed8:   00000000023def40 00000000023def40
0x00000000023deee8:   00000000026b7860 00000000026b7860
0x00000000023deef8:   00000000eb9b1178 00000000023def00
0x00000000023def08:   0000000054b8e64d 00000000023def68
0x00000000023def18:   0000000054b8ece0 0000000000000000
0x00000000023def28:   0000000054b8e6a0 00000000023deef8
0x00000000023def38:   00000000023def68 00000000023defb0 

Instructions: (pc=0xffffffffa36b5120)
0xffffffffa36b5100:   
[error occurred during error reporting (printing registers, top of stack, instructions near pc), id 0xc0000005]

Register to memory mapping:

RAX=0x000000000000186c is an unknown value
RBX=0x0000000000000148 is an unknown value
RCX=0x00000000eb9b1178 is an oop
java.util.TreeMap$ValueIterator 
 - klass: 'java/util/TreeMap$ValueIterator'
RDX=0x00000000eb9a6cf8 is an oop
java.util.TreeMap$Entry 
 - klass: 'java/util/TreeMap$Entry'
RSP=0x00000000023dee48 is pointing into the stack for thread: 0x000000000047e000
RBP=0x00000000023def40 is pointing into the stack for thread: 0x000000000047e000
RSI=0x00000000eb9a6cf8 is an oop
java.util.TreeMap$Entry 
 - klass: 'java/util/TreeMap$Entry'
RDI=0x0000000054a3b908 is pointing into metadata
R8 =0x00000000eb9b9128 is an oop
com.android.dx.dex.file.StringDataItem 
 - klass: 'com/android/dx/dex/file/StringDataItem'
R9 =0x00000000eb9b7690 is an oop
[Ljava.lang.Object; 
 - klass: 'java/lang/Object'[]
 - length: 505
R10=0x00000000709b6270 is an unknown value
R11=0x00000000029702a0 is at entry_point+32 in (nmethod*)0x0000000002970110
R12=0x0000000000000000 is an unknown value
R13=0x00000000023deef8 is pointing into the stack for thread: 0x000000000047e000
R14=0x00000000023def68 is pointing into the stack for thread: 0x000000000047e000
R15=0x000000000047e000 is a thread


Stack: [0x00000000022e0000,0x00000000023e0000],  sp=0x00000000023dee48,  free space=1019k
Native frames: (J=compiled Java code, j=interpreted, Vv=VM code, C=native code)
C  0xffffffffa36b5120


---------------  P R O C E S S  ---------------

Java Threads: ( => current thread )
  0x00000000569e7800 JavaThread "Service Thread" daemon [_thread_blocked, id=27276, stack(0x0000000057250000,0x0000000057350000)]
  0x0000000056951000 JavaThread "C1 CompilerThread2" daemon [_thread_blocked, id=26844, stack(0x0000000057030000,0x0000000057130000)]
  0x0000000056950800 JavaThread "C2 CompilerThread1" daemon [_thread_blocked, id=26696, stack(0x0000000056eb0000,0x0000000056fb0000)]
  0x000000005516f800 JavaThread "C2 CompilerThread0" daemon [_thread_blocked, id=26836, stack(0x0000000056850000,0x0000000056950000)]
  0x000000005516d800 JavaThread "Attach Listener" daemon [_thread_blocked, id=26288, stack(0x0000000056710000,0x0000000056810000)]
  0x000000005516c800 JavaThread "Signal Dispatcher" daemon [_thread_blocked, id=27464, stack(0x00000000560d0000,0x00000000561d0000)]
  0x0000000055104800 JavaThread "Finalizer" daemon [_thread_blocked, id=24952, stack(0x0000000056540000,0x0000000056640000)]
  0x00000000550fb800 JavaThread "Reference Handler" daemon [_thread_blocked, id=27136, stack(0x0000000056420000,0x0000000056520000)]
=>0x000000000047e000 JavaThread "main" [_thread_in_Java, id=27092, stack(0x00000000022e0000,0x00000000023e0000)]

Other Threads:
  0x00000000550f8000 VMThread [stack: 0x00000000561d0000,0x00000000562d0000] [id=25036]
  0x00000000569e8800 WatcherThread [stack: 0x0000000057370000,0x0000000057470000] [id=27036]

VM state:not at safepoint (normal execution)

VM Mutex/Monitor currently owned by a thread: None

Heap:
 PSYoungGen      total 28672K, used 17953K [0x00000000eab00000, 0x00000000ecb00000, 0x0000000100000000)
  eden space 24576K, 73% used [0x00000000eab00000,0x00000000ebc88710,0x00000000ec300000)
  from space 4096K, 0% used [0x00000000ec700000,0x00000000ec700000,0x00000000ecb00000)
  to   space 4096K, 0% used [0x00000000ec300000,0x00000000ec300000,0x00000000ec700000)
 ParOldGen       total 65536K, used 0K [0x00000000c0000000, 0x00000000c4000000, 0x00000000eab00000)
  object space 65536K, 0% used [0x00000000c0000000,0x00000000c0000000,0x00000000c4000000)
 Metaspace       used 5251K, capacity 6576K, committed 6784K, reserved 1056768K
  class space    used 550K, capacity 616K, committed 640K, reserved 1048576K

Card table byte_map: [0x0000000011a70000,0x0000000011c80000] byte_map_base: 0x0000000011470000

Marking Bits: (ParMarkBitMap*) 0x00000000709cd4f0
 Begin Bits: [0x0000000012570000, 0x0000000013570000)
 End Bits:   [0x0000000013570000, 0x0000000014570000)

Polling page: 0x0000000000440000

CodeCache: size=245760Kb used=2867Kb max_used=2879Kb free=242892Kb
 bounds [0x00000000026b0000, 0x0000000002990000, 0x00000000116b0000]
 total_blobs=1055 nmethods=797 adapters=173
 compilation: enabled

Compilation events (10 events):
Event: 11.172 Thread 0x000000005516f800  795       4       java.util.TreeMap$PrivateEntryIterator::nextEntry (54 bytes)
Event: 11.172 Thread 0x0000000056951000 nmethod 793 0x0000000002979e10 code [0x0000000002979fa0, 0x000000000297a438]
Event: 11.172 Thread 0x0000000056951000  794       1       com.android.dx.dex.file.DexFile::getStringData (5 bytes)
Event: 11.172 Thread 0x0000000056951000 nmethod 794 0x0000000002979b50 code [0x0000000002979ca0, 0x0000000002979db0]
Event: 11.172 Thread 0x0000000056951000  796       3       com.android.dx.dex.file.StringIdItem::addContents (36 bytes)
Event: 11.173 Thread 0x0000000056951000 nmethod 796 0x000000000297afd0 code [0x000000000297b1a0, 0x000000000297bab8]
Event: 11.173 Thread 0x0000000056951000  797       3       com.android.dx.dex.file.StringDataItem::<init> (15 bytes)
Event: 11.173 Thread 0x0000000056951000 nmethod 797 0x000000000297eb50 code [0x000000000297ed00, 0x000000000297f388]
Event: 11.174 Thread 0x0000000056950800 nmethod 792 0x000000000297ab50 code [0x000000000297aca0, 0x000000000297adb8]
Event: 11.174 Thread 0x000000005516f800 nmethod 795 0x000000000297e750 code [0x000000000297e8a0, 0x000000000297e9b8]

GC Heap History (0 events):
No events

Deoptimization events (5 events):
Event: 11.157 Thread 0x000000000047e000 Uncommon trap: reason=bimorphic action=maybe_recompile pc=0x000000000294fa1c method=java.util.HashMap.getNode(ILjava/lang/Object;)Ljava/util/HashMap$Node; @ 126
Event: 11.157 Thread 0x000000000047e000 Uncommon trap: reason=bimorphic action=maybe_recompile pc=0x000000000294fa1c method=java.util.HashMap.getNode(ILjava/lang/Object;)Ljava/util/HashMap$Node; @ 126
Event: 11.157 Thread 0x000000000047e000 Uncommon trap: reason=bimorphic action=maybe_recompile pc=0x000000000294fa1c method=java.util.HashMap.getNode(ILjava/lang/Object;)Ljava/util/HashMap$Node; @ 126
Event: 11.160 Thread 0x000000000047e000 Uncommon trap: reason=bimorphic action=maybe_recompile pc=0x000000000294fa1c method=java.util.HashMap.getNode(ILjava/lang/Object;)Ljava/util/HashMap$Node; @ 126
Event: 11.160 Thread 0x000000000047e000 Uncommon trap: reason=bimorphic action=maybe_recompile pc=0x00000000028a6348 method=java.util.HashMap.getNode(ILjava/lang/Object;)Ljava/util/HashMap$Node; @ 126

Internal exceptions (10 events):
Event: 10.870 Thread 0x000000000047e000 Exception <a 'java/security/PrivilegedActionException'> (0x00000000eb2ef170) thrown at [C:\workspace\8-2-build-windows-amd64-cygwin\jdk8u31\2394\hotspot\src\share\vm\prims\jvm.cpp, line 1312]
Event: 10.870 Thread 0x000000000047e000 Exception <a 'java/security/PrivilegedActionException'> (0x00000000eb2f2300) thrown at [C:\workspace\8-2-build-windows-amd64-cygwin\jdk8u31\2394\hotspot\src\share\vm\prims\jvm.cpp, line 1312]
Event: 10.971 Thread 0x000000000047e000 Exception <a 'java/security/PrivilegedActionException'> (0x00000000eb3ec150) thrown at [C:\workspace\8-2-build-windows-amd64-cygwin\jdk8u31\2394\hotspot\src\share\vm\prims\jvm.cpp, line 1312]
Event: 11.001 Thread 0x000000000047e000 Exception <a 'java/security/PrivilegedActionException'> (0x00000000eb472a80) thrown at [C:\workspace\8-2-build-windows-amd64-cygwin\jdk8u31\2394\hotspot\src\share\vm\prims\jvm.cpp, line 1312]
Event: 11.101 Thread 0x000000000047e000 Exception <a 'java/security/PrivilegedActionException'> (0x00000000eb663868) thrown at [C:\workspace\8-2-build-windows-amd64-cygwin\jdk8u31\2394\hotspot\src\share\vm\prims\jvm.cpp, line 1312]
Event: 11.118 Thread 0x000000000047e000 Exception <a 'java/security/PrivilegedActionException'> (0x00000000eb6a11a0) thrown at [C:\workspace\8-2-build-windows-amd64-cygwin\jdk8u31\2394\hotspot\src\share\vm\prims\jvm.cpp, line 1312]
Event: 11.119 Thread 0x000000000047e000 Exception <a 'java/security/PrivilegedActionException'> (0x00000000eb6a8388) thrown at [C:\workspace\8-2-build-windows-amd64-cygwin\jdk8u31\2394\hotspot\src\share\vm\prims\jvm.cpp, line 1312]
Event: 11.151 Thread 0x000000000047e000 Exception <a 'java/security/PrivilegedActionException'> (0x00000000eb97f098) thrown at [C:\workspace\8-2-build-windows-amd64-cygwin\jdk8u31\2394\hotspot\src\share\vm\prims\jvm.cpp, line 1312]
Event: 11.161 Thread 0x000000000047e000 Exception <a 'java/security/PrivilegedActionException'> (0x00000000eb991aa0) thrown at [C:\workspace\8-2-build-windows-amd64-cygwin\jdk8u31\2394\hotspot\src\share\vm\prims\jvm.cpp, line 1312]
Event: 11.170 Thread 0x000000000047e000 Exception <a 'java/security/PrivilegedActionException'> (0x00000000eb9b1618) thrown at [C:\workspace\8-2-build-windows-amd64-cygwin\jdk8u31\2394\hotspot\src\share\vm\prims\jvm.cpp, line 1312]

Events (10 events):
Event: 11.160 Thread 0x000000000047e000 Uncommon trap: trap_request=0xffffffc6 fr.pc=0x000000000294fa1c
Event: 11.160 Thread 0x000000000047e000 DEOPT PACKING pc=0x000000000294fa1c sp=0x00000000023dedb0
Event: 11.160 Thread 0x000000000047e000 DEOPT UNPACKING pc=0x00000000026f556a sp=0x00000000023decc8 mode 2
Event: 11.160 Thread 0x000000000047e000 Uncommon trap: trap_request=0xffffffc6 fr.pc=0x00000000028a6348
Event: 11.160 Thread 0x000000000047e000 DEOPT PACKING pc=0x00000000028a6348 sp=0x00000000023ded40
Event: 11.160 Thread 0x000000000047e000 DEOPT UNPACKING pc=0x00000000026f556a sp=0x00000000023decc8 mode 2
Event: 11.161 loading class com/android/dx/dex/file/ProtoIdItem
Event: 11.161 loading class com/android/dx/dex/file/ProtoIdItem done
Event: 11.169 loading class com/android/dex/Leb128
Event: 11.170 loading class com/android/dex/Leb128 done


Dynamic libraries:
0x000000013fc80000 - 0x000000013fcb4000 	C:\Program Files\Java\jdk1.8.0_31\bin\java.exe
0x0000000076d50000 - 0x0000000076ef9000 	C:\Windows\SYSTEM32\ntdll.dll
0x0000000076b30000 - 0x0000000076c4f000 	C:\Windows\system32\kernel32.dll
0x000007fefcc50000 - 0x000007fefccbc000 	C:\Windows\system32\KERNELBASE.dll
0x000007fefef80000 - 0x000007feff05b000 	C:\Windows\system32\ADVAPI32.dll
0x000007fefd960000 - 0x000007fefd9ff000 	C:\Windows\system32\msvcrt.dll
0x000007fefd1d0000 - 0x000007fefd1ef000 	C:\Windows\SYSTEM32\sechost.dll
0x000007fefded0000 - 0x000007fefdffd000 	C:\Windows\system32\RPCRT4.dll
0x0000000076c50000 - 0x0000000076d4a000 	C:\Windows\system32\USER32.dll
0x000007fefda00000 - 0x000007fefda67000 	C:\Windows\system32\GDI32.dll
0x000007fefd400000 - 0x000007fefd40e000 	C:\Windows\system32\LPK.dll
0x000007fefde00000 - 0x000007fefdec9000 	C:\Windows\system32\USP10.dll
0x000007fefb000000 - 0x000007fefb1f4000 	C:\Windows\WinSxS\amd64_microsoft.windows.common-controls_6595b64144ccf1df_6.0.7601.17514_none_fa396087175ac9ac\COMCTL32.dll
0x000007fefdaa0000 - 0x000007fefdb11000 	C:\Windows\system32\SHLWAPI.dll
0x000007fefda70000 - 0x000007fefda9e000 	C:\Windows\system32\IMM32.DLL
0x000007fefd4d0000 - 0x000007fefd5d9000 	C:\Windows\system32\MSCTF.dll
0x0000000078a10000 - 0x0000000078ae2000 	C:\Program Files\Java\jdk1.8.0_31\jre\bin\msvcr100.dll
0x00000000701f0000 - 0x0000000070a4a000 	C:\Program Files\Java\jdk1.8.0_31\jre\bin\server\jvm.dll
0x000007fef5550000 - 0x000007fef5559000 	C:\Windows\system32\WSOCK32.dll
0x000007fefd830000 - 0x000007fefd87d000 	C:\Windows\system32\WS2_32.dll
0x000007fefdb20000 - 0x000007fefdb28000 	C:\Windows\system32\NSI.dll
0x000007fefa6d0000 - 0x000007fefa70b000 	C:\Windows\system32\WINMM.dll
0x0000000076f20000 - 0x0000000076f27000 	C:\Windows\system32\PSAPI.DLL
0x0000000000430000 - 0x000000000043f000 	C:\Program Files\Java\jdk1.8.0_31\jre\bin\verify.dll
0x000000006d500000 - 0x000000006d528000 	C:\Program Files\Java\jdk1.8.0_31\jre\bin\java.dll
0x0000000070170000 - 0x0000000070186000 	C:\Program Files\Java\jdk1.8.0_31\jre\bin\zip.dll
0x000007fefe000000 - 0x000007fefed88000 	C:\Windows\system32\SHELL32.dll
0x000007fefd1f0000 - 0x000007fefd3f3000 	C:\Windows\system32\ole32.dll
0x000007fefcb20000 - 0x000007fefcb2f000 	C:\Windows\system32\profapi.dll
0x000007fefb8b0000 - 0x000007fefb9d5000 	C:\Windows\system32\dbghelp.dll

VM Arguments:
jvm_args: -Xmx1024M -Dfile.encoding=windows-1252 -Duser.country=ES -Duser.language=es -Duser.variant 
java_command: com.android.dx.command.Main --dex --output D:\2code2\AndroidStudioProjects\TaskIt\app\build\intermediates\dex\debug D:\2code2\AndroidStudioProjects\TaskIt\app\build\intermediates\classes\debug D:\2code2\AndroidStudioProjects\TaskIt\app\build\intermediates\pre-dexed\debug\support-annotations-21.0.3-ffaa133fa17b1f9d40a15f14ad0bbdbda99a80c3.jar D:\2code2\AndroidStudioProjects\TaskIt\app\build\intermediates\pre-dexed\debug\internal_impl-21.0.3-8eb3fe5d1a5408eff9a59586a799658cf2ebf711.jar D:\2code2\AndroidStudioProjects\TaskIt\app\build\intermediates\pre-dexed\debug\classes-0f5cb0ffd4c7c561931b9a6ed99cd34364b8f057.jar D:\2code2\AndroidStudioProjects\TaskIt\app\build\intermediates\pre-dexed\debug\classes-654e6e37ce986f446492a30613550ee53a06b648.jar
java_class_path (initial): C:\Users\Dr4ckO\AppData\Local\Android\sdk\build-tools\21.1.2\lib\dx.jar
Launcher Type: SUN_STANDARD

Environment Variables:
JAVA_HOME=C:\Program Files\Java\jdk1.8.0_31
PATH=C:\ProgramData\Oracle\Java\javapath;C:\Program Files (x86)\NVIDIA Corporation\PhysX\Common;C:\Program Files\Common Files\Microsoft Shared\Windows Live;C:\Program Files (x86)\Common Files\Microsoft Shared\Windows Live;C:\Program Files (x86)\Common Files\Intel\Shared Files\cpp\bin\Intel64;C:\Windows\system32;C:\Windows;C:\Windows\System32\Wbem;C:\Windows\System32\WindowsPowerShell\v1.0\;C:\Program Files (x86)\IsoBuster;C:\Program Files (x86)\Windows Live\Shared;C:\Program Files (x86)\MKV ToolNix;C:\Android\android-sdk\platform-tools;C:\Program Files\NodeJS\;C:\Program Files (x86)\QuickTime\QTSystem\;C:\Users\Dr4ckO\AppData\Roaming\npm
USERNAME=Dr4ckO
OS=Windows_NT
PROCESSOR_IDENTIFIER=Intel64 Family 6 Model 15 Stepping 11, GenuineIntel



---------------  S Y S T E M  ---------------

OS: Windows 7 , 64 bit Build 7601 Service Pack 1

CPU:total 4 (4 cores per cpu, 1 threads per core) family 6 model 15 stepping 11, cmov, cx8, fxsr, mmx, sse, sse2, sse3, ssse3, tsc

Memory: 4k page, physical 6291000k(1046744k free), swap 12580136k(4196244k free)

vm_info: Java HotSpot(TM) 64-Bit Server VM (25.31-b07) for windows-amd64 JRE (1.8.0_31-b13), built on Dec 17 2014 21:00:28 by "java_re" with MS VC++ 10.0 (VS2010)

time: Tue Mar 03 18:57:34 2015
elapsed time: 11 seconds (0d 0h 0m 11s)

